<?xml version="1.0" encoding="UTF-8"?>
<!-- Generated by org.testng.reporters.JUnitReportReporter -->
<testsuite hostname="VinayakaBShetty" failures="0" tests="1" name="AddPlaceToMaps_SpecBuilders" time="7.378" errors="0" timestamp="2024-07-01T19:15:59 IST" skipped="0">
  <testcase classname="AddPlaceToMaps_SpecBuilders" name="addPlaceToMap" time="7.378"/>
</testsuite> <!-- AddPlaceToMaps_SpecBuilders -->
