<?xml version="1.0" encoding="UTF-8"?>
<!-- Generated by org.testng.reporters.JUnitReportReporter -->
<testsuite hostname="VinayakaBShetty" failures="0" tests="4" name="BooksAPI" time="24.668" errors="0" timestamp="2024-06-26T13:45:13 IST" skipped="0">
  <testcase classname="BooksAPI" name="AddBook" time="6.167"/>
  <testcase classname="BooksAPI" name="AddBook" time="6.168"/>
  <testcase classname="BooksAPI" name="AddBook" time="6.167"/>
  <testcase classname="BooksAPI" name="AddBook" time="6.166"/>
</testsuite> <!-- BooksAPI -->
