<?xml version="1.0" encoding="UTF-8"?>
<!-- Generated by org.testng.reporters.JUnitReportReporter -->
<testsuite hostname="VinayakaBShetty" failures="0" tests="1" name="BooksAPI_CallFromExternalJSONFile" time="4.855" errors="0" timestamp="2024-06-26T14:00:47 IST" skipped="0">
  <testcase classname="BooksAPI_CallFromExternalJSONFile" name="addBookFromDetailsMentionedInJson" time="4.855"/>
</testsuite> <!-- BooksAPI_CallFromExternalJSONFile -->
