<?xml version="1.0" encoding="UTF-8"?>
<!-- Generated by org.testng.reporters.JUnitReportReporter -->
<testsuite hostname="VinayakaBShetty" failures="0" tests="1" name="ECommerce" time="429.688" errors="0" timestamp="2024-07-02T12:41:14 IST" skipped="0">
  <testcase classname="ECommerce" name="login_addProduct_addToCart_deleteProduct" time="429.688"/>
</testsuite> <!-- ECommerce -->
