<?xml version="1.0" encoding="UTF-8"?>
<!-- Generated by org.testng.reporters.JUnitReportReporter -->
<testsuite hostname="VinayakaBShetty" failures="0" tests="1" name="AddPlaceToMap_Serialization" time="6.842" errors="0" timestamp="2024-06-29T21:13:47 IST" skipped="0">
  <testcase classname="AddPlaceToMap_Serialization" name="addPlace" time="6.842"/>
</testsuite> <!-- AddPlaceToMap_Serialization -->
