<?xml version="1.0" encoding="UTF-8"?>
<!-- Generated by org.testng.reporters.JUnitReportReporter -->
<testsuite hostname="VinayakaBShetty" failures="0" tests="1" name="GetCourseDetailsAPI" time="8.853" errors="0" timestamp="2024-06-29T19:56:53 IST" skipped="0">
  <testcase classname="GetCourseDetailsAPI" name="getCourseDetails" time="8.853"/>
</testsuite> <!-- GetCourseDetailsAPI -->
